mode: set
github.com/chegde20121/LibraryManagementSystem/internal/user/user.go:32.61,34.29 1 1
github.com/chegde20121/LibraryManagementSystem/internal/user/user.go:34.29,35.61 1 1
github.com/chegde20121/LibraryManagementSystem/internal/user/user.go:35.61,37.4 1 1
github.com/chegde20121/LibraryManagementSystem/internal/user/user.go:39.2,39.56 1 1
github.com/chegde20121/LibraryManagementSystem/internal/user/user.go:41.49,52.16 11 1
github.com/chegde20121/LibraryManagementSystem/internal/user/user.go:52.16,55.3 2 0
github.com/chegde20121/LibraryManagementSystem/internal/user/user.go:56.2,57.16 2 1
github.com/chegde20121/LibraryManagementSystem/internal/user/user.go:57.16,60.3 2 0
github.com/chegde20121/LibraryManagementSystem/internal/user/user.go:61.2,62.14 2 1
github.com/chegde20121/LibraryManagementSystem/internal/user/user.go:63.9,64.3 1 0
github.com/chegde20121/LibraryManagementSystem/internal/user/user.go:64.3,66.4 1 0
github.com/chegde20121/LibraryManagementSystem/internal/user/user.go:67.9,68.3 1 1
github.com/chegde20121/LibraryManagementSystem/internal/user/user.go:68.3,70.4 1 1
github.com/chegde20121/LibraryManagementSystem/internal/user/user.go:71.10,72.3 1 0
github.com/chegde20121/LibraryManagementSystem/internal/user/user.go:72.3,75.4 2 0
github.com/chegde20121/LibraryManagementSystem/internal/user/user.go:77.2,84.44 3 1
github.com/chegde20121/LibraryManagementSystem/internal/user/user.go:87.31,94.41 5 1
github.com/chegde20121/LibraryManagementSystem/internal/user/user.go:94.41,96.3 1 1
github.com/chegde20121/LibraryManagementSystem/internal/user/user.go:97.2,97.11 1 1
github.com/chegde20121/LibraryManagementSystem/internal/user/user.go:100.49,103.39 3 1
github.com/chegde20121/LibraryManagementSystem/internal/user/user.go:103.39,105.3 1 1
github.com/chegde20121/LibraryManagementSystem/internal/user/user.go:106.2,106.23 1 1
github.com/chegde20121/LibraryManagementSystem/internal/user/user.go:106.23,108.3 1 1
github.com/chegde20121/LibraryManagementSystem/internal/user/user.go:109.2,109.49 1 1
github.com/chegde20121/LibraryManagementSystem/internal/user/user.go:109.49,113.3 1 0
github.com/chegde20121/LibraryManagementSystem/internal/user/user.go:113.8,119.3 1 1
github.com/chegde20121/LibraryManagementSystem/internal/user/user.go:120.2,121.12 2 1
github.com/chegde20121/LibraryManagementSystem/internal/user/user.go:124.49,126.25 2 1
github.com/chegde20121/LibraryManagementSystem/internal/user/user.go:126.25,127.50 1 1
github.com/chegde20121/LibraryManagementSystem/internal/user/user.go:127.50,130.34 3 1
github.com/chegde20121/LibraryManagementSystem/internal/user/user.go:130.34,132.5 1 1
github.com/chegde20121/LibraryManagementSystem/internal/user/user.go:133.4,134.14 2 1
github.com/chegde20121/LibraryManagementSystem/internal/user/user.go:137.2,137.52 1 1
github.com/chegde20121/LibraryManagementSystem/internal/user/user.go:140.45,141.25 1 1
github.com/chegde20121/LibraryManagementSystem/internal/user/user.go:141.25,143.3 1 1
github.com/chegde20121/LibraryManagementSystem/internal/user/user.go:144.2,149.34 4 1
github.com/chegde20121/LibraryManagementSystem/internal/user/user.go:149.34,151.3 1 1
github.com/chegde20121/LibraryManagementSystem/internal/user/user.go:152.2,153.12 2 1
github.com/chegde20121/LibraryManagementSystem/internal/user/user.go:156.77,161.17 5 1
github.com/chegde20121/LibraryManagementSystem/internal/user/user.go:161.17,163.21 2 1
github.com/chegde20121/LibraryManagementSystem/internal/user/user.go:163.21,165.4 1 1
github.com/chegde20121/LibraryManagementSystem/internal/user/user.go:165.9,167.4 1 1
github.com/chegde20121/LibraryManagementSystem/internal/user/user.go:168.3,168.30 1 1
github.com/chegde20121/LibraryManagementSystem/internal/user/user.go:168.30,170.4 1 1
github.com/chegde20121/LibraryManagementSystem/internal/user/user.go:171.3,171.13 1 1
github.com/chegde20121/LibraryManagementSystem/internal/user/user.go:172.8,176.3 3 1
github.com/chegde20121/LibraryManagementSystem/internal/library/books.go:17.56,24.2 1 1
github.com/chegde20121/LibraryManagementSystem/internal/library/books.go:27.31,30.20 3 1
github.com/chegde20121/LibraryManagementSystem/internal/library/books.go:30.20,33.3 2 1
github.com/chegde20121/LibraryManagementSystem/internal/library/books.go:34.2,34.41 1 1
github.com/chegde20121/LibraryManagementSystem/internal/library/books.go:38.25,42.2 3 1
github.com/chegde20121/LibraryManagementSystem/internal/library/library.go:23.36,24.17 1 1
github.com/chegde20121/LibraryManagementSystem/internal/library/library.go:24.17,29.3 2 1
github.com/chegde20121/LibraryManagementSystem/internal/library/library.go:30.2,30.17 1 1
github.com/chegde20121/LibraryManagementSystem/internal/library/library.go:33.44,37.16 4 1
github.com/chegde20121/LibraryManagementSystem/internal/library/library.go:37.16,40.3 2 1
github.com/chegde20121/LibraryManagementSystem/internal/library/library.go:41.2,47.47 5 1
github.com/chegde20121/LibraryManagementSystem/internal/library/library.go:47.47,49.3 1 0
github.com/chegde20121/LibraryManagementSystem/internal/library/library.go:51.2,51.29 1 1
github.com/chegde20121/LibraryManagementSystem/internal/library/library.go:51.29,52.54 1 1
github.com/chegde20121/LibraryManagementSystem/internal/library/library.go:52.54,54.4 1 0
github.com/chegde20121/LibraryManagementSystem/internal/library/library.go:54.9,56.4 1 1
github.com/chegde20121/LibraryManagementSystem/internal/library/library.go:58.2,58.25 1 1
github.com/chegde20121/LibraryManagementSystem/internal/library/library.go:61.50,63.2 1 1
github.com/chegde20121/LibraryManagementSystem/internal/library/library.go:66.46,69.49 3 1
github.com/chegde20121/LibraryManagementSystem/internal/library/library.go:69.49,71.3 1 1
github.com/chegde20121/LibraryManagementSystem/internal/library/library.go:71.8,73.3 1 1
github.com/chegde20121/LibraryManagementSystem/internal/library/library.go:75.54,77.2 1 1
github.com/chegde20121/LibraryManagementSystem/internal/library/library.go:79.61,81.33 2 0
github.com/chegde20121/LibraryManagementSystem/internal/library/library.go:81.33,82.28 1 0
github.com/chegde20121/LibraryManagementSystem/internal/library/library.go:82.28,84.4 1 0
github.com/chegde20121/LibraryManagementSystem/internal/library/library.go:86.2,86.22 1 0
